# Logfile created on 2017-08-09 19:57:57 +0530 by logger.rb/56815
  INFO ---------------------------------------------------------------------------
  INFO START 2017-08-09 19:57:57 +0530 cap production deploy
  INFO ---------------------------------------------------------------------------
  INFO [4ee2cda4] Running export docker_cont_id=$(docker ps -a | grep arpitjindal1997/telegram-msmartpay | cut -d ' ' -f 1 ) && docker stop $docker_cont_id && docker rm $docker_cont_id as root@139.59.71.230
 DEBUG [4ee2cda4] Command: export docker_cont_id=$(docker ps -a | grep arpitjindal1997/telegram-msmartpay | cut -d ' ' -f 1 ) && docker stop $docker_cont_id && docker rm $docker_cont_id
  INFO ---------------------------------------------------------------------------
  INFO START 2017-08-09 20:00:19 +0530 cap production deploy
  INFO ---------------------------------------------------------------------------
  INFO [3bd52bee] Running export docker_cont_id=$(docker ps -a | grep arpitjindal1997/telegram-msmartpay | cut -d ' ' -f 1 ) && docker stop $docker_cont_id && docker rm $docker_cont_id as root@139.59.71.230
 DEBUG [3bd52bee] Command: export docker_cont_id=$(docker ps -a | grep arpitjindal1997/telegram-msmartpay | cut -d ' ' -f 1 ) && docker stop $docker_cont_id && docker rm $docker_cont_id
  INFO ---------------------------------------------------------------------------
  INFO START 2017-08-09 20:08:38 +0530 cap production deploy
  INFO ---------------------------------------------------------------------------
  INFO [fe8ac9b7] Running export docker_cont_id=$(docker ps -a | grep arpitjindal1997/telegram-msmartpay | cut -d ' ' -f 1 ) && docker stop $docker_cont_id && docker rm $docker_cont_id as root@139.59.71.230
 DEBUG [fe8ac9b7] Command: export docker_cont_id=$(docker ps -a | grep arpitjindal1997/telegram-msmartpay | cut -d ' ' -f 1 ) && docker stop $docker_cont_id && docker rm $docker_cont_id
  INFO ---------------------------------------------------------------------------
  INFO START 2017-08-09 20:11:20 +0530 cap production deploy
  INFO ---------------------------------------------------------------------------
  INFO [2e820de6] Running export docker_cont_id=$(docker ps -a | grep arpitjindal1997/telegram-msmartpay | cut -d ' ' -f 1 ) && docker stop $docker_cont_id && docker rm $docker_cont_id as root@139.59.71.230
 DEBUG [2e820de6] Command: export docker_cont_id=$(docker ps -a | grep arpitjindal1997/telegram-msmartpay | cut -d ' ' -f 1 ) && docker stop $docker_cont_id && docker rm $docker_cont_id
  INFO ---------------------------------------------------------------------------
  INFO START 2017-08-09 20:12:55 +0530 cap production deploy
  INFO ---------------------------------------------------------------------------
  INFO [6f0a3588] Running export docker_cont_id=$(docker ps -a | grep arpitjindal1997/telegram-msmartpay | cut -d ' ' -f 1 ) && docker stop $docker_cont_id && docker rm $docker_cont_id as root@139.59.71.230
 DEBUG [6f0a3588] Command: export docker_cont_id=$(docker ps -a | grep arpitjindal1997/telegram-msmartpay | cut -d ' ' -f 1 ) && docker stop $docker_cont_id && docker rm $docker_cont_id
 DEBUG [6f0a3588] 	"docker stop" requires at least 1 argument(s).
See 'docker stop --help'.

Usage:  docker stop [OPTIONS] CONTAINER [CONTAINER...]

Stop one or more running containers
  INFO ---------------------------------------------------------------------------
  INFO START 2017-08-09 20:27:27 +0530 cap production deploy
  INFO ---------------------------------------------------------------------------
  INFO [5a233707] Running export docker_cont_id=$(docker ps -a | grep arpitjindal1997/telegram-msmartpay | cut -d ' ' -f 1 ) && if [ "$DEPLOY_KEY_PASS" == "" ];then exit 0; else docker stop $docker_cont_id && docker rm $docker_cont_id; fi as root@139.59.71.230
 DEBUG [5a233707] Command: export docker_cont_id=$(docker ps -a | grep arpitjindal1997/telegram-msmartpay | cut -d ' ' -f 1 ) && if [ "$DEPLOY_KEY_PASS" == "" ];then exit 0; else docker stop $docker_cont_id && docker rm $docker_cont_id; fi
  INFO ---------------------------------------------------------------------------
  INFO START 2017-08-09 21:05:16 +0530 cap production deploy
  INFO ---------------------------------------------------------------------------
  INFO [c91e6fed] Running export docker_cont_id=$(docker ps -a | grep arpitjindal1997/telegram-msmartpay | cut -d ' ' -f 1 ); if [ "$DEPLOY_KEY_PASS" == "" ];then exit 0; else 	docker stop $docker_cont_id; docker rm $docker_cont_id; docker rmi arpitjindal1997/telegram-msmartpay; fi as root@139.59.71.230
 DEBUG [c91e6fed] Command: export docker_cont_id=$(docker ps -a | grep arpitjindal1997/telegram-msmartpay | cut -d ' ' -f 1 ); if [ "$DEPLOY_KEY_PASS" == "" ];then exit 0; else 	docker stop $docker_cont_id; docker rm $docker_cont_id; docker rmi arpitjindal1997/telegram-msmartpay; fi
  INFO ---------------------------------------------------------------------------
  INFO START 2017-08-09 21:05:31 +0530 cap production deploy
  INFO ---------------------------------------------------------------------------
  INFO [37c1c796] Running export docker_cont_id=$(docker ps -a | grep arpitjindal1997/telegram-msmartpay | cut -d ' ' -f 1 ); if [ "$DEPLOY_KEY_PASS" == "" ];then exit 0; else 	docker stop $docker_cont_id; docker rm $docker_cont_id; docker rmi arpitjindal1997/telegram-msmartpay; fi as root@139.59.71.230
 DEBUG [37c1c796] Command: export docker_cont_id=$(docker ps -a | grep arpitjindal1997/telegram-msmartpay | cut -d ' ' -f 1 ); if [ "$DEPLOY_KEY_PASS" == "" ];then exit 0; else 	docker stop $docker_cont_id; docker rm $docker_cont_id; docker rmi arpitjindal1997/telegram-msmartpay; fi
  INFO [37c1c796] Finished in 0.966 seconds with exit status 0 (successful).
  INFO [ce9f4e04] Running docker pull arpitjindal1997/telegram-msmartpay > /dev/null as root@139.59.71.230
 DEBUG [ce9f4e04] Command: docker pull arpitjindal1997/telegram-msmartpay > /dev/null
  INFO [ce9f4e04] Finished in 27.414 seconds with exit status 0 (successful).
  INFO [fc90545c] Running docker run -d arpitjindal1997/telegram-msmartpay as root@139.59.71.230
 DEBUG [fc90545c] Command: docker run -d arpitjindal1997/telegram-msmartpay
 DEBUG [fc90545c] 	f228da5036836254c240f82d5d8e0a7f483b3153b21273788eb7c552b3c9995b
  INFO [fc90545c] Finished in 0.817 seconds with exit status 0 (successful).
